[2m23:33:03[22m [31m[1m[vite][22m[39m [31m[2m(client)[22m[39m Pre-transform error: Transform failed with 1 error:
D:/SteamLibrary/steamapps/common/wallpaper_engine/projects/myprojects/tesseract/apps/wallpaper-tesseract/src/app/create-wallpaper-app.ts:282:8: ERROR: The symbol "layoutStorage" has already been declared
  Plugin: [35mvite:esbuild[39m
  File: [36mD:/SteamLibrary/steamapps/common/wallpaper_engine/projects/myprojects/tesseract/apps/wallpaper-tesseract/src/app/create-wallpaper-app.ts[39m:282:8
[33m  
  [33mThe symbol "layoutStorage" has already been declared[33m
  280 |    actorWindowFocus.bind(windowWorkspaceController);
  281 |    runtimeContext.registerLegacyRuntimeObject(windowWorkspaceController);
  282 |    const layoutStorage = resolveWindowWorkspaceLayoutStorage();
      |          ^
  283 |    const persistedFrameLayout = loadPersistedWindowWorkspaceFrameLayout(layoutStorage);
  284 |    let restoredInitialLayout = false;
  [39m
[2m23:33:03[22m [31m[1m[vite][22m[39m [31mInternal server error: Transform failed with 1 error:
D:/SteamLibrary/steamapps/common/wallpaper_engine/projects/myprojects/tesseract/apps/wallpaper-tesseract/src/app/create-wallpaper-app.ts:282:8: ERROR: The symbol "layoutStorage" has already been declared[39m
  Plugin: [35mvite:esbuild[39m
  File: [36mD:/SteamLibrary/steamapps/common/wallpaper_engine/projects/myprojects/tesseract/apps/wallpaper-tesseract/src/app/create-wallpaper-app.ts[39m:282:8
[33m  
  [33mThe symbol "layoutStorage" has already been declared[33m
  280 |    actorWindowFocus.bind(windowWorkspaceController);
  281 |    runtimeContext.registerLegacyRuntimeObject(windowWorkspaceController);
  282 |    const layoutStorage = resolveWindowWorkspaceLayoutStorage();
      |          ^
  283 |    const persistedFrameLayout = loadPersistedWindowWorkspaceFrameLayout(layoutStorage);
  284 |    let restoredInitialLayout = false;
  [39m
      at failureErrorWithLog (D:\SteamLibrary\steamapps\common\wallpaper_engine\projects\myprojects\tesseract\node_modules\esbuild\lib\main.js:1748:15)
      at D:\SteamLibrary\steamapps\common\wallpaper_engine\projects\myprojects\tesseract\node_modules\esbuild\lib\main.js:1017:50
      at responseCallbacks.<computed> (D:\SteamLibrary\steamapps\common\wallpaper_engine\projects\myprojects\tesseract\node_modules\esbuild\lib\main.js:884:9)
      at handleIncomingPacket (D:\SteamLibrary\steamapps\common\wallpaper_engine\projects\myprojects\tesseract\node_modules\esbuild\lib\main.js:939:12)
      at Socket.readFromStdout (D:\SteamLibrary\steamapps\common\wallpaper_engine\projects\myprojects\tesseract\node_modules\esbuild\lib\main.js:862:7)
      at Socket.emit (node:events:508:28)
      at addChunk (node:internal/streams/readable:563:12)
      at readableAddChunkPushByteMode (node:internal/streams/readable:514:3)
      at Readable.push (node:internal/streams/readable:394:5)
      at Pipe.onStreamRead (node:internal/stream_base_commons:189:23)
